<?xml version="1.0" encoding="UTF-8"?>
<testng-results total="1" passed="1" failed="0" skipped="0">
  <reporter-output>
  </reporter-output>
  <suite started-at="2023-10-27T14:52:26Z" name="Default suite" finished-at="2023-10-27T14:54:22Z" duration-ms="115944">
    <groups>
      <group name="Amazon">
        <method signature="BmcAmazon_TC.mainTest()[pri:0, instance:BMC.UIAssingment.BmcAmazon_TC@48bb62]" name="mainTest" class="BMC.UIAssingment.BmcAmazon_TC"/>
      </group> <!-- Amazon -->
    </groups>
    <test started-at="2023-10-27T14:52:26Z" name="Default test" finished-at="2023-10-27T14:54:22Z" duration-ms="115944">
      <class name="BMC.UIAssingment.BmcAmazon_TC">
        <test-method is-config="true" signature="initTestcases()[pri:0, instance:BMC.UIAssingment.BmcAmazon_TC@48bb62]" started-at="2023-10-27T20:22:26Z" name="initTestcases" finished-at="2023-10-27T20:22:28Z" duration-ms="2127" status="PASS">
          <reporter-output>
          </reporter-output>
        </test-method> <!-- initTestcases -->
        <test-method signature="mainTest()[pri:0, instance:BMC.UIAssingment.BmcAmazon_TC@48bb62]" started-at="2023-10-27T20:22:28Z" name="mainTest" finished-at="2023-10-27T20:24:21Z" duration-ms="113632" status="PASS">
          <reporter-output>
          </reporter-output>
        </test-method> <!-- mainTest -->
        <test-method is-config="true" signature="close()[pri:0, instance:BMC.UIAssingment.BmcAmazon_TC@48bb62]" started-at="2023-10-27T20:24:21Z" name="close" finished-at="2023-10-27T20:24:22Z" duration-ms="174" status="PASS">
          <reporter-output>
          </reporter-output>
        </test-method> <!-- close -->
      </class> <!-- BMC.UIAssingment.BmcAmazon_TC -->
    </test> <!-- Default test -->
  </suite> <!-- Default suite -->
</testng-results>
